# JRE version: OpenJDK Runtime Environment (8.0_242-b01) (build 1.8.0_242-release-1644-b01)
# Java VM: OpenJDK 64-Bit Server VM (25.242-b01 mixed mode windows-amd64 compressed oops)
Heap:
 PSYoungGen      total 260096K, used 144704K [0x00000000e0000000, 0x00000000f3080000, 0x0000000100000000)
  eden space 237568K, 60% used [0x00000000e0000000,0x00000000e8d50248,0x00000000ee800000)
  from space 22528K, 0% used [0x00000000f0780000,0x00000000f0780000,0x00000000f1d80000)
  to   space 32256K, 0% used [0x00000000ee800000,0x00000000ee800000,0x00000000f0780000)
 ParOldGen       total 130048K, used 87521K [0x00000000a0000000, 0x00000000a7f00000, 0x00000000e0000000)
  object space 130048K, 67% used [0x00000000a0000000,0x00000000a55785a0,0x00000000a7f00000)
 Metaspace       used 85065K, capacity 88120K, committed 88344K, reserved 1126400K
  class space    used 11095K, capacity 11750K, committed 11816K, reserved 1048576K
GC Heap History (10 events):
Event: 449.712 GC heap before
{Heap before GC invocations=22 (full 4):
 PSYoungGen      total 237056K, used 226528K [0x00000000e0000000, 0x00000000f1d80000, 0x0000000100000000)
  eden space 214016K, 100% used [0x00000000e0000000,0x00000000ed100000,0x00000000ed100000)
  from space 23040K, 54% used [0x00000000ed100000,0x00000000edd38228,0x00000000ee780000)
  to   space 22528K, 0% used [0x00000000f0780000,0x00000000f0780000,0x00000000f1d80000)
 ParOldGen       total 130048K, used 67802K [0x00000000a0000000, 0x00000000a7f00000, 0x00000000e0000000)
  object space 130048K, 52% used [0x00000000a0000000,0x00000000a4236900,0x00000000a7f00000)
 Metaspace       used 74980K, capacity 77398K, committed 77464K, reserved 1116160K
  class space    used 9758K, capacity 10371K, committed 10408K, reserved 1048576K
Event: 449.757 GC heap after
Heap after GC invocations=22 (full 4):
 PSYoungGen      total 260096K, used 22498K [0x00000000e0000000, 0x00000000f3080000, 0x0000000100000000)
  eden space 237568K, 0% used [0x00000000e0000000,0x00000000e0000000,0x00000000ee800000)
  from space 22528K, 99% used [0x00000000f0780000,0x00000000f1d78a20,0x00000000f1d80000)
  to   space 32256K, 0% used [0x00000000ee800000,0x00000000ee800000,0x00000000f0780000)
 ParOldGen       total 130048K, used 85923K [0x00000000a0000000, 0x00000000a7f00000, 0x00000000e0000000)
  object space 130048K, 66% used [0x00000000a0000000,0x00000000a53e8fb8,0x00000000a7f00000)
 Metaspace       used 74980K, capacity 77398K, committed 77464K, reserved 1116160K
  class space    used 9758K, capacity 10371K, committed 10408K, reserved 1048576K
}
Event: 452.152 GC heap before
{Heap before GC invocations=23 (full 4):
 PSYoungGen      total 260096K, used 260066K [0x00000000e0000000, 0x00000000f3080000, 0x0000000100000000)
  eden space 237568K, 100% used [0x00000000e0000000,0x00000000ee800000,0x00000000ee800000)
  from space 22528K, 99% used [0x00000000f0780000,0x00000000f1d78a20,0x00000000f1d80000)
  to   space 32256K, 0% used [0x00000000ee800000,0x00000000ee800000,0x00000000f0780000)
 ParOldGen       total 130048K, used 85923K [0x00000000a0000000, 0x00000000a7f00000, 0x00000000e0000000)
  object space 130048K, 66% used [0x00000000a0000000,0x00000000a53e8fb8,0x00000000a7f00000)
 Metaspace       used 76530K, capacity 78926K, committed 79128K, reserved 1118208K
  class space    used 9894K, capacity 10471K, committed 10536K, reserved 1048576K
Event: 452.220 GC heap after
Heap after GC invocations=23 (full 4):
 PSYoungGen      total 269824K, used 18698K [0x00000000e0000000, 0x00000000f3080000, 0x0000000100000000)
  eden space 237568K, 0% used [0x00000000e0000000,0x00000000e0000000,0x00000000ee800000)
  from space 32256K, 57% used [0x00000000ee800000,0x00000000efa42b48,0x00000000f0780000)
  to   space 22528K, 0% used [0x00000000f0780000,0x00000000f0780000,0x00000000f1d80000)
 ParOldGen       total 130048K, used 106432K [0x00000000a0000000, 0x00000000a7f00000, 0x00000000e0000000)
  object space 130048K, 81% used [0x00000000a0000000,0x00000000a67f0178,0x00000000a7f00000)
 Metaspace       used 76530K, capacity 78926K, committed 79128K, reserved 1118208K
  class space    used 9894K, capacity 10471K, committed 10536K, reserved 1048576K
}
Event: 454.137 GC heap before
{Heap before GC invocations=24 (full 4):
 PSYoungGen      total 269824K, used 256266K [0x00000000e0000000, 0x00000000f3080000, 0x0000000100000000)
  eden space 237568K, 100% used [0x00000000e0000000,0x00000000ee800000,0x00000000ee800000)
  from space 32256K, 57% used [0x00000000ee800000,0x00000000efa42b48,0x00000000f0780000)
  to   space 22528K, 0% used [0x00000000f0780000,0x00000000f0780000,0x00000000f1d80000)
 ParOldGen       total 130048K, used 106432K [0x00000000a0000000, 0x00000000a7f00000, 0x00000000e0000000)
  object space 130048K, 81% used [0x00000000a0000000,0x00000000a67f0178,0x00000000a7f00000)
 Metaspace       used 78196K, capacity 80662K, committed 80792K, reserved 1120256K
  class space    used 10005K, capacity 10601K, committed 10664K, reserved 1048576K
Event: 454.174 GC heap after
Heap after GC invocations=24 (full 4):
 PSYoungGen      total 260096K, used 22524K [0x00000000e0000000, 0x00000000f3080000, 0x0000000100000000)
  eden space 237568K, 0% used [0x00000000e0000000,0x00000000e0000000,0x00000000ee800000)
  from space 22528K, 99% used [0x00000000f0780000,0x00000000f1d7f230,0x00000000f1d80000)
  to   space 32256K, 0% used [0x00000000ee800000,0x00000000ee800000,0x00000000f0780000)
 ParOldGen       total 130048K, used 120935K [0x00000000a0000000, 0x00000000a7f00000, 0x00000000e0000000)
  object space 130048K, 92% used [0x00000000a0000000,0x00000000a7619db0,0x00000000a7f00000)
 Metaspace       used 78196K, capacity 80662K, committed 80792K, reserved 1120256K
  class space    used 10005K, capacity 10601K, committed 10664K, reserved 1048576K
}
Event: 454.174 GC heap before
{Heap before GC invocations=25 (full 5):
 PSYoungGen      total 260096K, used 22524K [0x00000000e0000000, 0x00000000f3080000, 0x0000000100000000)
  eden space 237568K, 0% used [0x00000000e0000000,0x00000000e0000000,0x00000000ee800000)
  from space 22528K, 99% used [0x00000000f0780000,0x00000000f1d7f230,0x00000000f1d80000)
  to   space 32256K, 0% used [0x00000000ee800000,0x00000000ee800000,0x00000000f0780000)
 ParOldGen       total 130048K, used 120935K [0x00000000a0000000, 0x00000000a7f00000, 0x00000000e0000000)
  object space 130048K, 92% used [0x00000000a0000000,0x00000000a7619db0,0x00000000a7f00000)
 Metaspace       used 78196K, capacity 80662K, committed 80792K, reserved 1120256K
  class space    used 10005K, capacity 10601K, committed 10664K, reserved 1048576K
Event: 454.518 GC heap after
Heap after GC invocations=25 (full 5):
 PSYoungGen      total 260096K, used 0K [0x00000000e0000000, 0x00000000f3080000, 0x0000000100000000)
  eden space 237568K, 0% used [0x00000000e0000000,0x00000000e0000000,0x00000000ee800000)
  from space 22528K, 0% used [0x00000000f0780000,0x00000000f0780000,0x00000000f1d80000)
  to   space 32256K, 0% used [0x00000000ee800000,0x00000000ee800000,0x00000000f0780000)
 ParOldGen       total 130048K, used 127374K [0x00000000a0000000, 0x00000000a7f00000, 0x00000000e0000000)
  object space 130048K, 97% used [0x00000000a0000000,0x00000000a7c63958,0x00000000a7f00000)
 Metaspace       used 78196K, capacity 80662K, committed 80792K, reserved 1120256K
  class space    used 10005K, capacity 10601K, committed 10664K, reserved 1048576K
}
Event: 456.900 GC heap before
{Heap before GC invocations=26 (full 6):
 PSYoungGen      total 260096K, used 237568K [0x00000000e0000000, 0x00000000f3080000, 0x0000000100000000)
  eden space 237568K, 100% used [0x00000000e0000000,0x00000000ee800000,0x00000000ee800000)
  from space 22528K, 0% used [0x00000000f0780000,0x00000000f0780000,0x00000000f1d80000)
  to   space 32256K, 0% used [0x00000000ee800000,0x00000000ee800000,0x00000000f0780000)
 ParOldGen       total 130048K, used 127374K [0x00000000a0000000, 0x00000000a7f00000, 0x00000000e0000000)
  object space 130048K, 97% used [0x00000000a0000000,0x00000000a7c63958,0x00000000a7f00000)
 Metaspace       used 84532K, capacity 87580K, committed 87704K, reserved 1126400K
  class space    used 10982K, capacity 11654K, committed 11688K, reserved 1048576K
Event: 457.141 GC heap after
Heap after GC invocations=26 (full 6):
 PSYoungGen      total 260096K, used 0K [0x00000000e0000000, 0x00000000f3080000, 0x0000000100000000)
  eden space 237568K, 0% used [0x00000000e0000000,0x00000000e0000000,0x00000000ee800000)
  from space 22528K, 0% used [0x00000000f0780000,0x00000000f0780000,0x00000000f1d80000)
  to   space 32256K, 0% used [0x00000000ee800000,0x00000000ee800000,0x00000000f0780000)
 ParOldGen       total 130048K, used 87521K [0x00000000a0000000, 0x00000000a7f00000, 0x00000000e0000000)
  object space 130048K, 67% used [0x00000000a0000000,0x00000000a55785a0,0x00000000a7f00000)
 Metaspace       used 83596K, capacity 86576K, committed 87704K, reserved 1126400K
  class space    used 10880K, capacity 11538K, committed 11688K, reserved 1048576K
}

